<?xml version="1.0" encoding="UTF-8"?>
<!-- Generated by org.testng.reporters.JUnitReportReporter -->
<testsuite hostname="DESKTOP-N2OV2SA" failures="0" tests="1" name="com.Actitime.TestScripts.CreateCustomer" time="11.951" errors="0" timestamp="2023-10-08T11:21:06 IST" skipped="0">
  <testcase classname="com.Actitime.TestScripts.CreateCustomer" name="create" time="11.951"/>
  <system-out>
    <![CDATA[Database Connected
Browser Launched
Logged in Successfully
Logout successfully
Browser Closed
Database Disconnected]]>
  </system-out>
</testsuite> <!-- com.Actitime.TestScripts.CreateCustomer -->
